sniffing on eth0
got a packet
###[ Ethernet ]### 
  dst       = 08:00:00:00:02:02
  src       = 08:00:00:00:02:00
  type      = IPv4
###[ IP ]### 
     version   = 4
     ihl       = 5
     tos       = 0xb1
     len       = 50
     id        = 1
     flags     = 
     frag      = 0
     ttl       = 62
     proto     = tcp
     chksum    = 0x6512
     src       = 10.0.1.1
     dst       = 10.0.2.2
     \options   \
###[ TCP ]### 
        sport     = ftp_data
        dport     = http
        seq       = 0
        ack       = 0
        dataofs   = 5
        reserved  = 0
        flags     = S
        window    = 8192
        chksum    = 0xa1d8
        urgptr    = 0
        options   = []
###[ Raw ]### 
           load      = 'p4 is cool'

got a packet
###[ Ethernet ]### 
  dst       = 08:00:00:00:02:00
  src       = 08:00:00:00:02:02
  type      = IPv4
###[ IP ]### 
     version   = 4
     ihl       = 5
     tos       = 0xb0
     len       = 40
     id        = 0
     flags     = DF
     frag      = 0
     ttl       = 64
     proto     = tcp
     chksum    = 0x231e
     src       = 10.0.2.2
     dst       = 10.0.1.1
     \options   \
###[ TCP ]### 
        sport     = http
        dport     = ftp_data
        seq       = 0
        ack       = 11
        dataofs   = 5
        reserved  = 0
        flags     = RA
        window    = 0
        chksum    = 0x985f
        urgptr    = 0
        options   = ''

got a packet
###[ Ethernet ]### 
  dst       = 08:00:00:00:02:02
  src       = 08:00:00:00:02:00
  type      = IPv4
###[ IP ]### 
     version   = 4
     ihl       = 5
     tos       = 0xb1
     len       = 50
     id        = 1
     flags     = 
     frag      = 0
     ttl       = 62
     proto     = tcp
     chksum    = 0x6512
     src       = 10.0.1.1
     dst       = 10.0.2.2
     \options   \
###[ TCP ]### 
        sport     = ftp_data
        dport     = http
        seq       = 0
        ack       = 0
        dataofs   = 5
        reserved  = 0
        flags     = S
        window    = 8192
        chksum    = 0xa1d8
        urgptr    = 0
        options   = []
###[ Raw ]### 
           load      = 'p4 is cool'

got a packet
###[ Ethernet ]### 
  dst       = 08:00:00:00:02:00
  src       = 08:00:00:00:02:02
  type      = IPv4
###[ IP ]### 
     version   = 4
     ihl       = 5
     tos       = 0xb0
     len       = 40
     id        = 0
     flags     = DF
     frag      = 0
     ttl       = 64
     proto     = tcp
     chksum    = 0x231e
     src       = 10.0.2.2
     dst       = 10.0.1.1
     \options   \
###[ TCP ]### 
        sport     = http
        dport     = ftp_data
        seq       = 0
        ack       = 11
        dataofs   = 5
        reserved  = 0
        flags     = RA
        window    = 0
        chksum    = 0x985f
        urgptr    = 0
        options   = ''

got a packet
###[ Ethernet ]### 
  dst       = 08:00:00:00:02:02
  src       = 08:00:00:00:02:00
  type      = IPv4
###[ IP ]### 
     version   = 4
     ihl       = 5
     tos       = 0xb1
     len       = 50
     id        = 1
     flags     = 
     frag      = 0
     ttl       = 62
     proto     = tcp
     chksum    = 0x6512
     src       = 10.0.1.1
     dst       = 10.0.2.2
     \options   \
###[ TCP ]### 
        sport     = ftp_data
        dport     = http
        seq       = 0
        ack       = 0
        dataofs   = 5
        reserved  = 0
        flags     = S
        window    = 8192
        chksum    = 0xa1d8
        urgptr    = 0
        options   = []
###[ Raw ]### 
           load      = 'p4 is cool'

got a packet
###[ Ethernet ]### 
  dst       = 08:00:00:00:02:00
  src       = 08:00:00:00:02:02
  type      = IPv4
###[ IP ]### 
     version   = 4
     ihl       = 5
     tos       = 0xb0
     len       = 40
     id        = 0
     flags     = DF
     frag      = 0
     ttl       = 64
     proto     = tcp
     chksum    = 0x231e
     src       = 10.0.2.2
     dst       = 10.0.1.1
     \options   \
###[ TCP ]### 
        sport     = http
        dport     = ftp_data
        seq       = 0
        ack       = 11
        dataofs   = 5
        reserved  = 0
        flags     = RA
        window    = 0
        chksum    = 0x985f
        urgptr    = 0
        options   = ''

got a packet
###[ Ethernet ]### 
  dst       = 08:00:00:00:02:02
  src       = 08:00:00:00:02:00
  type      = IPv4
###[ IP ]### 
     version   = 4
     ihl       = 5
     tos       = 0xb1
     len       = 50
     id        = 1
     flags     = 
     frag      = 0
     ttl       = 62
     proto     = tcp
     chksum    = 0x6512
     src       = 10.0.1.1
     dst       = 10.0.2.2
     \options   \
###[ TCP ]### 
        sport     = ftp_data
        dport     = http
        seq       = 0
        ack       = 0
        dataofs   = 5
        reserved  = 0
        flags     = S
        window    = 8192
        chksum    = 0xa1d8
        urgptr    = 0
        options   = []
###[ Raw ]### 
           load      = 'p4 is cool'

got a packet
###[ Ethernet ]### 
  dst       = 08:00:00:00:02:00
  src       = 08:00:00:00:02:02
  type      = IPv4
###[ IP ]### 
     version   = 4
     ihl       = 5
     tos       = 0xb0
     len       = 40
     id        = 0
     flags     = DF
     frag      = 0
     ttl       = 64
     proto     = tcp
     chksum    = 0x231e
     src       = 10.0.2.2
     dst       = 10.0.1.1
     \options   \
###[ TCP ]### 
        sport     = http
        dport     = ftp_data
        seq       = 0
        ack       = 11
        dataofs   = 5
        reserved  = 0
        flags     = RA
        window    = 0
        chksum    = 0x985f
        urgptr    = 0
        options   = ''

got a packet
###[ Ethernet ]### 
  dst       = 08:00:00:00:02:02
  src       = 08:00:00:00:02:00
  type      = IPv4
###[ IP ]### 
     version   = 4
     ihl       = 5
     tos       = 0xb1
     len       = 50
     id        = 1
     flags     = 
     frag      = 0
     ttl       = 62
     proto     = tcp
     chksum    = 0x6512
     src       = 10.0.1.1
     dst       = 10.0.2.2
     \options   \
###[ TCP ]### 
        sport     = ftp_data
        dport     = http
        seq       = 0
        ack       = 0
        dataofs   = 5
        reserved  = 0
        flags     = S
        window    = 8192
        chksum    = 0xa1d8
        urgptr    = 0
        options   = []
###[ Raw ]### 
           load      = 'p4 is cool'

got a packet
###[ Ethernet ]### 
  dst       = 08:00:00:00:02:00
  src       = 08:00:00:00:02:02
  type      = IPv4
###[ IP ]### 
     version   = 4
     ihl       = 5
     tos       = 0xb0
     len       = 40
     id        = 0
     flags     = DF
     frag      = 0
     ttl       = 64
     proto     = tcp
     chksum    = 0x231e
     src       = 10.0.2.2
     dst       = 10.0.1.1
     \options   \
###[ TCP ]### 
        sport     = http
        dport     = ftp_data
        seq       = 0
        ack       = 11
        dataofs   = 5
        reserved  = 0
        flags     = RA
        window    = 0
        chksum    = 0x985f
        urgptr    = 0
        options   = ''

got a packet
###[ Ethernet ]### 
  dst       = 08:00:00:00:02:02
  src       = 08:00:00:00:02:00
  type      = IPv4
###[ IP ]### 
     version   = 4
     ihl       = 5
     tos       = 0xb1
     len       = 50
     id        = 1
     flags     = 
     frag      = 0
     ttl       = 62
     proto     = tcp
     chksum    = 0x6512
     src       = 10.0.1.1
     dst       = 10.0.2.2
     \options   \
###[ TCP ]### 
        sport     = ftp_data
        dport     = http
        seq       = 0
        ack       = 0
        dataofs   = 5
        reserved  = 0
        flags     = S
        window    = 8192
        chksum    = 0xa1d8
        urgptr    = 0
        options   = []
###[ Raw ]### 
           load      = 'p4 is cool'

got a packet
###[ Ethernet ]### 
  dst       = 08:00:00:00:02:00
  src       = 08:00:00:00:02:02
  type      = IPv4
###[ IP ]### 
     version   = 4
     ihl       = 5
     tos       = 0xb0
     len       = 40
     id        = 0
     flags     = DF
     frag      = 0
     ttl       = 64
     proto     = tcp
     chksum    = 0x231e
     src       = 10.0.2.2
     dst       = 10.0.1.1
     \options   \
###[ TCP ]### 
        sport     = http
        dport     = ftp_data
        seq       = 0
        ack       = 11
        dataofs   = 5
        reserved  = 0
        flags     = RA
        window    = 0
        chksum    = 0x985f
        urgptr    = 0
        options   = ''

got a packet
###[ Ethernet ]### 
  dst       = 08:00:00:00:02:02
  src       = 08:00:00:00:02:00
  type      = IPv4
###[ IP ]### 
     version   = 4
     ihl       = 5
     tos       = 0xb1
     len       = 50
     id        = 1
     flags     = 
     frag      = 0
     ttl       = 62
     proto     = tcp
     chksum    = 0x6512
     src       = 10.0.1.1
     dst       = 10.0.2.2
     \options   \
###[ TCP ]### 
        sport     = ftp_data
        dport     = http
        seq       = 0
        ack       = 0
        dataofs   = 5
        reserved  = 0
        flags     = S
        window    = 8192
        chksum    = 0xa1d8
        urgptr    = 0
        options   = []
###[ Raw ]### 
           load      = 'p4 is cool'

got a packet
###[ Ethernet ]### 
  dst       = 08:00:00:00:02:00
  src       = 08:00:00:00:02:02
  type      = IPv4
###[ IP ]### 
     version   = 4
     ihl       = 5
     tos       = 0xb0
     len       = 40
     id        = 0
     flags     = DF
     frag      = 0
     ttl       = 64
     proto     = tcp
     chksum    = 0x231e
     src       = 10.0.2.2
     dst       = 10.0.1.1
     \options   \
###[ TCP ]### 
        sport     = http
        dport     = ftp_data
        seq       = 0
        ack       = 11
        dataofs   = 5
        reserved  = 0
        flags     = RA
        window    = 0
        chksum    = 0x985f
        urgptr    = 0
        options   = ''

got a packet
###[ Ethernet ]### 
  dst       = 08:00:00:00:02:02
  src       = 08:00:00:00:02:00
  type      = IPv4
###[ IP ]### 
     version   = 4
     ihl       = 5
     tos       = 0xb1
     len       = 50
     id        = 1
     flags     = 
     frag      = 0
     ttl       = 62
     proto     = tcp
     chksum    = 0x6512
     src       = 10.0.1.1
     dst       = 10.0.2.2
     \options   \
###[ TCP ]### 
        sport     = ftp_data
        dport     = http
        seq       = 0
        ack       = 0
        dataofs   = 5
        reserved  = 0
        flags     = S
        window    = 8192
        chksum    = 0xa1d8
        urgptr    = 0
        options   = []
###[ Raw ]### 
           load      = 'p4 is cool'

got a packet
###[ Ethernet ]### 
  dst       = 08:00:00:00:02:00
  src       = 08:00:00:00:02:02
  type      = IPv4
###[ IP ]### 
     version   = 4
     ihl       = 5
     tos       = 0xb0
     len       = 40
     id        = 0
     flags     = DF
     frag      = 0
     ttl       = 64
     proto     = tcp
     chksum    = 0x231e
     src       = 10.0.2.2
     dst       = 10.0.1.1
     \options   \
###[ TCP ]### 
        sport     = http
        dport     = ftp_data
        seq       = 0
        ack       = 11
        dataofs   = 5
        reserved  = 0
        flags     = RA
        window    = 0
        chksum    = 0x985f
        urgptr    = 0
        options   = ''

got a packet
###[ Ethernet ]### 
  dst       = 08:00:00:00:02:02
  src       = 08:00:00:00:02:00
  type      = IPv4
###[ IP ]### 
     version   = 4
     ihl       = 5
     tos       = 0xb1
     len       = 50
     id        = 1
     flags     = 
     frag      = 0
     ttl       = 62
     proto     = tcp
     chksum    = 0x6512
     src       = 10.0.1.1
     dst       = 10.0.2.2
     \options   \
###[ TCP ]### 
        sport     = ftp_data
        dport     = http
        seq       = 0
        ack       = 0
        dataofs   = 5
        reserved  = 0
        flags     = S
        window    = 8192
        chksum    = 0xa1d8
        urgptr    = 0
        options   = []
###[ Raw ]### 
           load      = 'p4 is cool'

got a packet
###[ Ethernet ]### 
  dst       = 08:00:00:00:02:00
  src       = 08:00:00:00:02:02
  type      = IPv4
###[ IP ]### 
     version   = 4
     ihl       = 5
     tos       = 0xb0
     len       = 40
     id        = 0
     flags     = DF
     frag      = 0
     ttl       = 64
     proto     = tcp
     chksum    = 0x231e
     src       = 10.0.2.2
     dst       = 10.0.1.1
     \options   \
###[ TCP ]### 
        sport     = http
        dport     = ftp_data
        seq       = 0
        ack       = 11
        dataofs   = 5
        reserved  = 0
        flags     = RA
        window    = 0
        chksum    = 0x985f
        urgptr    = 0
        options   = ''

got a packet
###[ Ethernet ]### 
  dst       = 08:00:00:00:02:02
  src       = 08:00:00:00:02:00
  type      = IPv4
###[ IP ]### 
     version   = 4
     ihl       = 5
     tos       = 0xb1
     len       = 50
     id        = 1
     flags     = 
     frag      = 0
     ttl       = 62
     proto     = tcp
     chksum    = 0x6512
     src       = 10.0.1.1
     dst       = 10.0.2.2
     \options   \
###[ TCP ]### 
        sport     = ftp_data
        dport     = http
        seq       = 0
        ack       = 0
        dataofs   = 5
        reserved  = 0
        flags     = S
        window    = 8192
        chksum    = 0xa1d8
        urgptr    = 0
        options   = []
###[ Raw ]### 
           load      = 'p4 is cool'

got a packet
###[ Ethernet ]### 
  dst       = 08:00:00:00:02:00
  src       = 08:00:00:00:02:02
  type      = IPv4
###[ IP ]### 
     version   = 4
     ihl       = 5
     tos       = 0xb0
     len       = 40
     id        = 0
     flags     = DF
     frag      = 0
     ttl       = 64
     proto     = tcp
     chksum    = 0x231e
     src       = 10.0.2.2
     dst       = 10.0.1.1
     \options   \
###[ TCP ]### 
        sport     = http
        dport     = ftp_data
        seq       = 0
        ack       = 11
        dataofs   = 5
        reserved  = 0
        flags     = RA
        window    = 0
        chksum    = 0x985f
        urgptr    = 0
        options   = ''

got a packet
###[ Ethernet ]### 
  dst       = 08:00:00:00:02:02
  src       = 08:00:00:00:02:00
  type      = IPv4
###[ IP ]### 
     version   = 4
     ihl       = 5
     tos       = 0xb1
     len       = 50
     id        = 1
     flags     = 
     frag      = 0
     ttl       = 62
     proto     = tcp
     chksum    = 0x6512
     src       = 10.0.1.1
     dst       = 10.0.2.2
     \options   \
###[ TCP ]### 
        sport     = ftp_data
        dport     = http
        seq       = 0
        ack       = 0
        dataofs   = 5
        reserved  = 0
        flags     = S
        window    = 8192
        chksum    = 0xa1d8
        urgptr    = 0
        options   = []
###[ Raw ]### 
           load      = 'p4 is cool'

got a packet
###[ Ethernet ]### 
  dst       = 08:00:00:00:02:00
  src       = 08:00:00:00:02:02
  type      = IPv4
###[ IP ]### 
     version   = 4
     ihl       = 5
     tos       = 0xb0
     len       = 40
     id        = 0
     flags     = DF
     frag      = 0
     ttl       = 64
     proto     = tcp
     chksum    = 0x231e
     src       = 10.0.2.2
     dst       = 10.0.1.1
     \options   \
###[ TCP ]### 
        sport     = http
        dport     = ftp_data
        seq       = 0
        ack       = 11
        dataofs   = 5
        reserved  = 0
        flags     = RA
        window    = 0
        chksum    = 0x985f
        urgptr    = 0
        options   = ''

got a packet
###[ Ethernet ]### 
  dst       = 08:00:00:00:02:02
  src       = 08:00:00:00:02:00
  type      = IPv4
###[ IP ]### 
     version   = 4
     ihl       = 5
     tos       = 0xb1
     len       = 50
     id        = 1
     flags     = 
     frag      = 0
     ttl       = 62
     proto     = tcp
     chksum    = 0x6512
     src       = 10.0.1.1
     dst       = 10.0.2.2
     \options   \
###[ TCP ]### 
        sport     = ftp_data
        dport     = http
        seq       = 0
        ack       = 0
        dataofs   = 5
        reserved  = 0
        flags     = S
        window    = 8192
        chksum    = 0xa1d8
        urgptr    = 0
        options   = []
###[ Raw ]### 
           load      = 'p4 is cool'

got a packet
###[ Ethernet ]### 
  dst       = 08:00:00:00:02:00
  src       = 08:00:00:00:02:02
  type      = IPv4
###[ IP ]### 
     version   = 4
     ihl       = 5
     tos       = 0xb0
     len       = 40
     id        = 0
     flags     = DF
     frag      = 0
     ttl       = 64
     proto     = tcp
     chksum    = 0x231e
     src       = 10.0.2.2
     dst       = 10.0.1.1
     \options   \
###[ TCP ]### 
        sport     = http
        dport     = ftp_data
        seq       = 0
        ack       = 11
        dataofs   = 5
        reserved  = 0
        flags     = RA
        window    = 0
        chksum    = 0x985f
        urgptr    = 0
        options   = ''

got a packet
###[ Ethernet ]### 
  dst       = 08:00:00:00:02:02
  src       = 08:00:00:00:02:00
  type      = IPv4
###[ IP ]### 
     version   = 4
     ihl       = 5
     tos       = 0xb1
     len       = 50
     id        = 1
     flags     = 
     frag      = 0
     ttl       = 62
     proto     = tcp
     chksum    = 0x6512
     src       = 10.0.1.1
     dst       = 10.0.2.2
     \options   \
###[ TCP ]### 
        sport     = ftp_data
        dport     = http
        seq       = 0
        ack       = 0
        dataofs   = 5
        reserved  = 0
        flags     = S
        window    = 8192
        chksum    = 0xa1d8
        urgptr    = 0
        options   = []
###[ Raw ]### 
           load      = 'p4 is cool'

got a packet
###[ Ethernet ]### 
  dst       = 08:00:00:00:02:00
  src       = 08:00:00:00:02:02
  type      = IPv4
###[ IP ]### 
     version   = 4
     ihl       = 5
     tos       = 0xb0
     len       = 40
     id        = 0
     flags     = DF
     frag      = 0
     ttl       = 64
     proto     = tcp
     chksum    = 0x231e
     src       = 10.0.2.2
     dst       = 10.0.1.1
     \options   \
###[ TCP ]### 
        sport     = http
        dport     = ftp_data
        seq       = 0
        ack       = 11
        dataofs   = 5
        reserved  = 0
        flags     = RA
        window    = 0
        chksum    = 0x985f
        urgptr    = 0
        options   = ''

got a packet
###[ Ethernet ]### 
  dst       = 08:00:00:00:02:02
  src       = 08:00:00:00:02:00
  type      = IPv4
###[ IP ]### 
     version   = 4
     ihl       = 5
     tos       = 0xb1
     len       = 50
     id        = 1
     flags     = 
     frag      = 0
     ttl       = 62
     proto     = tcp
     chksum    = 0x6512
     src       = 10.0.1.1
     dst       = 10.0.2.2
     \options   \
###[ TCP ]### 
        sport     = ftp_data
        dport     = http
        seq       = 0
        ack       = 0
        dataofs   = 5
        reserved  = 0
        flags     = S
        window    = 8192
        chksum    = 0xa1d8
        urgptr    = 0
        options   = []
###[ Raw ]### 
           load      = 'p4 is cool'

got a packet
###[ Ethernet ]### 
  dst       = 08:00:00:00:02:00
  src       = 08:00:00:00:02:02
  type      = IPv4
###[ IP ]### 
     version   = 4
     ihl       = 5
     tos       = 0xb0
     len       = 40
     id        = 0
     flags     = DF
     frag      = 0
     ttl       = 64
     proto     = tcp
     chksum    = 0x231e
     src       = 10.0.2.2
     dst       = 10.0.1.1
     \options   \
###[ TCP ]### 
        sport     = http
        dport     = ftp_data
        seq       = 0
        ack       = 11
        dataofs   = 5
        reserved  = 0
        flags     = RA
        window    = 0
        chksum    = 0x985f
        urgptr    = 0
        options   = ''

got a packet
###[ Ethernet ]### 
  dst       = 08:00:00:00:02:02
  src       = 08:00:00:00:02:00
  type      = IPv4
###[ IP ]### 
     version   = 4
     ihl       = 5
     tos       = 0xb1
     len       = 50
     id        = 1
     flags     = 
     frag      = 0
     ttl       = 62
     proto     = tcp
     chksum    = 0x6512
     src       = 10.0.1.1
     dst       = 10.0.2.2
     \options   \
###[ TCP ]### 
        sport     = ftp_data
        dport     = http
        seq       = 0
        ack       = 0
        dataofs   = 5
        reserved  = 0
        flags     = S
        window    = 8192
        chksum    = 0xa1d8
        urgptr    = 0
        options   = []
###[ Raw ]### 
           load      = 'p4 is cool'

got a packet
###[ Ethernet ]### 
  dst       = 08:00:00:00:02:00
  src       = 08:00:00:00:02:02
  type      = IPv4
###[ IP ]### 
     version   = 4
     ihl       = 5
     tos       = 0xb0
     len       = 40
     id        = 0
     flags     = DF
     frag      = 0
     ttl       = 64
     proto     = tcp
     chksum    = 0x231e
     src       = 10.0.2.2
     dst       = 10.0.1.1
     \options   \
###[ TCP ]### 
        sport     = http
        dport     = ftp_data
        seq       = 0
        ack       = 11
        dataofs   = 5
        reserved  = 0
        flags     = RA
        window    = 0
        chksum    = 0x985f
        urgptr    = 0
        options   = ''

got a packet
###[ Ethernet ]### 
  dst       = 08:00:00:00:02:02
  src       = 08:00:00:00:02:00
  type      = IPv4
###[ IP ]### 
     version   = 4
     ihl       = 5
     tos       = 0xb1
     len       = 50
     id        = 1
     flags     = 
     frag      = 0
     ttl       = 62
     proto     = tcp
     chksum    = 0x6512
     src       = 10.0.1.1
     dst       = 10.0.2.2
     \options   \
###[ TCP ]### 
        sport     = ftp_data
        dport     = http
        seq       = 0
        ack       = 0
        dataofs   = 5
        reserved  = 0
        flags     = S
        window    = 8192
        chksum    = 0xa1d8
        urgptr    = 0
        options   = []
###[ Raw ]### 
           load      = 'p4 is cool'

got a packet
###[ Ethernet ]### 
  dst       = 08:00:00:00:02:00
  src       = 08:00:00:00:02:02
  type      = IPv4
###[ IP ]### 
     version   = 4
     ihl       = 5
     tos       = 0xb0
     len       = 40
     id        = 0
     flags     = DF
     frag      = 0
     ttl       = 64
     proto     = tcp
     chksum    = 0x231e
     src       = 10.0.2.2
     dst       = 10.0.1.1
     \options   \
###[ TCP ]### 
        sport     = http
        dport     = ftp_data
        seq       = 0
        ack       = 11
        dataofs   = 5
        reserved  = 0
        flags     = RA
        window    = 0
        chksum    = 0x985f
        urgptr    = 0
        options   = ''

got a packet
###[ Ethernet ]### 
  dst       = 08:00:00:00:02:02
  src       = 08:00:00:00:02:00
  type      = IPv4
###[ IP ]### 
     version   = 4
     ihl       = 5
     tos       = 0xb1
     len       = 50
     id        = 1
     flags     = 
     frag      = 0
     ttl       = 62
     proto     = tcp
     chksum    = 0x6512
     src       = 10.0.1.1
     dst       = 10.0.2.2
     \options   \
###[ TCP ]### 
        sport     = ftp_data
        dport     = http
        seq       = 0
        ack       = 0
        dataofs   = 5
        reserved  = 0
        flags     = S
        window    = 8192
        chksum    = 0xa1d8
        urgptr    = 0
        options   = []
###[ Raw ]### 
           load      = 'p4 is cool'

got a packet
###[ Ethernet ]### 
  dst       = 08:00:00:00:02:00
  src       = 08:00:00:00:02:02
  type      = IPv4
###[ IP ]### 
     version   = 4
     ihl       = 5
     tos       = 0xb0
     len       = 40
     id        = 0
     flags     = DF
     frag      = 0
     ttl       = 64
     proto     = tcp
     chksum    = 0x231e
     src       = 10.0.2.2
     dst       = 10.0.1.1
     \options   \
###[ TCP ]### 
        sport     = http
        dport     = ftp_data
        seq       = 0
        ack       = 11
        dataofs   = 5
        reserved  = 0
        flags     = RA
        window    = 0
        chksum    = 0x985f
        urgptr    = 0
        options   = ''

got a packet
###[ Ethernet ]### 
  dst       = 08:00:00:00:02:02
  src       = 08:00:00:00:02:00
  type      = IPv4
###[ IP ]### 
     version   = 4
     ihl       = 5
     tos       = 0xb1
     len       = 50
     id        = 1
     flags     = 
     frag      = 0
     ttl       = 62
     proto     = tcp
     chksum    = 0x6512
     src       = 10.0.1.1
     dst       = 10.0.2.2
     \options   \
###[ TCP ]### 
        sport     = ftp_data
        dport     = http
        seq       = 0
        ack       = 0
        dataofs   = 5
        reserved  = 0
        flags     = S
        window    = 8192
        chksum    = 0xa1d8
        urgptr    = 0
        options   = []
###[ Raw ]### 
           load      = 'p4 is cool'

got a packet
###[ Ethernet ]### 
  dst       = 08:00:00:00:02:00
  src       = 08:00:00:00:02:02
  type      = IPv4
###[ IP ]### 
     version   = 4
     ihl       = 5
     tos       = 0xb0
     len       = 40
     id        = 0
     flags     = DF
     frag      = 0
     ttl       = 64
     proto     = tcp
     chksum    = 0x231e
     src       = 10.0.2.2
     dst       = 10.0.1.1
     \options   \
###[ TCP ]### 
        sport     = http
        dport     = ftp_data
        seq       = 0
        ack       = 11
        dataofs   = 5
        reserved  = 0
        flags     = RA
        window    = 0
        chksum    = 0x985f
        urgptr    = 0
        options   = ''

got a packet
###[ Ethernet ]### 
  dst       = 08:00:00:00:02:02
  src       = 08:00:00:00:02:00
  type      = IPv4
###[ IP ]### 
     version   = 4
     ihl       = 5
     tos       = 0xb1
     len       = 50
     id        = 1
     flags     = 
     frag      = 0
     ttl       = 62
     proto     = tcp
     chksum    = 0x6512
     src       = 10.0.1.1
     dst       = 10.0.2.2
     \options   \
###[ TCP ]### 
        sport     = ftp_data
        dport     = http
        seq       = 0
        ack       = 0
        dataofs   = 5
        reserved  = 0
        flags     = S
        window    = 8192
        chksum    = 0xa1d8
        urgptr    = 0
        options   = []
###[ Raw ]### 
           load      = 'p4 is cool'

got a packet
###[ Ethernet ]### 
  dst       = 08:00:00:00:02:00
  src       = 08:00:00:00:02:02
  type      = IPv4
###[ IP ]### 
     version   = 4
     ihl       = 5
     tos       = 0xb0
     len       = 40
     id        = 0
     flags     = DF
     frag      = 0
     ttl       = 64
     proto     = tcp
     chksum    = 0x231e
     src       = 10.0.2.2
     dst       = 10.0.1.1
     \options   \
###[ TCP ]### 
        sport     = http
        dport     = ftp_data
        seq       = 0
        ack       = 11
        dataofs   = 5
        reserved  = 0
        flags     = RA
        window    = 0
        chksum    = 0x985f
        urgptr    = 0
        options   = ''

got a packet
###[ Ethernet ]### 
  dst       = 08:00:00:00:02:02
  src       = 08:00:00:00:02:00
  type      = IPv4
###[ IP ]### 
     version   = 4
     ihl       = 5
     tos       = 0xb1
     len       = 50
     id        = 1
     flags     = 
     frag      = 0
     ttl       = 62
     proto     = tcp
     chksum    = 0x6512
     src       = 10.0.1.1
     dst       = 10.0.2.2
     \options   \
###[ TCP ]### 
        sport     = ftp_data
        dport     = http
        seq       = 0
        ack       = 0
        dataofs   = 5
        reserved  = 0
        flags     = S
        window    = 8192
        chksum    = 0xa1d8
        urgptr    = 0
        options   = []
###[ Raw ]### 
           load      = 'p4 is cool'

got a packet
###[ Ethernet ]### 
  dst       = 08:00:00:00:02:00
  src       = 08:00:00:00:02:02
  type      = IPv4
###[ IP ]### 
     version   = 4
     ihl       = 5
     tos       = 0xb0
     len       = 40
     id        = 0
     flags     = DF
     frag      = 0
     ttl       = 64
     proto     = tcp
     chksum    = 0x231e
     src       = 10.0.2.2
     dst       = 10.0.1.1
     \options   \
###[ TCP ]### 
        sport     = http
        dport     = ftp_data
        seq       = 0
        ack       = 11
        dataofs   = 5
        reserved  = 0
        flags     = RA
        window    = 0
        chksum    = 0x985f
        urgptr    = 0
        options   = ''

got a packet
###[ Ethernet ]### 
  dst       = 08:00:00:00:02:02
  src       = 08:00:00:00:02:00
  type      = IPv4
###[ IP ]### 
     version   = 4
     ihl       = 5
     tos       = 0xb1
     len       = 50
     id        = 1
     flags     = 
     frag      = 0
     ttl       = 62
     proto     = tcp
     chksum    = 0x6512
     src       = 10.0.1.1
     dst       = 10.0.2.2
     \options   \
###[ TCP ]### 
        sport     = ftp_data
        dport     = http
        seq       = 0
        ack       = 0
        dataofs   = 5
        reserved  = 0
        flags     = S
        window    = 8192
        chksum    = 0xa1d8
        urgptr    = 0
        options   = []
###[ Raw ]### 
           load      = 'p4 is cool'

got a packet
###[ Ethernet ]### 
  dst       = 08:00:00:00:02:00
  src       = 08:00:00:00:02:02
  type      = IPv4
###[ IP ]### 
     version   = 4
     ihl       = 5
     tos       = 0xb0
     len       = 40
     id        = 0
     flags     = DF
     frag      = 0
     ttl       = 64
     proto     = tcp
     chksum    = 0x231e
     src       = 10.0.2.2
     dst       = 10.0.1.1
     \options   \
###[ TCP ]### 
        sport     = http
        dport     = ftp_data
        seq       = 0
        ack       = 11
        dataofs   = 5
        reserved  = 0
        flags     = RA
        window    = 0
        chksum    = 0x985f
        urgptr    = 0
        options   = ''

got a packet
###[ Ethernet ]### 
  dst       = 08:00:00:00:02:02
  src       = 08:00:00:00:02:00
  type      = IPv4
###[ IP ]### 
     version   = 4
     ihl       = 5
     tos       = 0xb1
     len       = 50
     id        = 1
     flags     = 
     frag      = 0
     ttl       = 62
     proto     = tcp
     chksum    = 0x6512
     src       = 10.0.1.1
     dst       = 10.0.2.2
     \options   \
###[ TCP ]### 
        sport     = ftp_data
        dport     = http
        seq       = 0
        ack       = 0
        dataofs   = 5
        reserved  = 0
        flags     = S
        window    = 8192
        chksum    = 0xa1d8
        urgptr    = 0
        options   = []
###[ Raw ]### 
           load      = 'p4 is cool'

got a packet
###[ Ethernet ]### 
  dst       = 08:00:00:00:02:00
  src       = 08:00:00:00:02:02
  type      = IPv4
###[ IP ]### 
     version   = 4
     ihl       = 5
     tos       = 0xb0
     len       = 40
     id        = 0
     flags     = DF
     frag      = 0
     ttl       = 64
     proto     = tcp
     chksum    = 0x231e
     src       = 10.0.2.2
     dst       = 10.0.1.1
     \options   \
###[ TCP ]### 
        sport     = http
        dport     = ftp_data
        seq       = 0
        ack       = 11
        dataofs   = 5
        reserved  = 0
        flags     = RA
        window    = 0
        chksum    = 0x985f
        urgptr    = 0
        options   = ''

got a packet
###[ Ethernet ]### 
  dst       = 08:00:00:00:02:02
  src       = 08:00:00:00:02:00
  type      = IPv4
###[ IP ]### 
     version   = 4
     ihl       = 5
     tos       = 0xb1
     len       = 50
     id        = 1
     flags     = 
     frag      = 0
     ttl       = 62
     proto     = tcp
     chksum    = 0x6512
     src       = 10.0.1.1
     dst       = 10.0.2.2
     \options   \
###[ TCP ]### 
        sport     = ftp_data
        dport     = http
        seq       = 0
        ack       = 0
        dataofs   = 5
        reserved  = 0
        flags     = S
        window    = 8192
        chksum    = 0xa1d8
        urgptr    = 0
        options   = []
###[ Raw ]### 
           load      = 'p4 is cool'

got a packet
###[ Ethernet ]### 
  dst       = 08:00:00:00:02:00
  src       = 08:00:00:00:02:02
  type      = IPv4
###[ IP ]### 
     version   = 4
     ihl       = 5
     tos       = 0xb0
     len       = 40
     id        = 0
     flags     = DF
     frag      = 0
     ttl       = 64
     proto     = tcp
     chksum    = 0x231e
     src       = 10.0.2.2
     dst       = 10.0.1.1
     \options   \
###[ TCP ]### 
        sport     = http
        dport     = ftp_data
        seq       = 0
        ack       = 11
        dataofs   = 5
        reserved  = 0
        flags     = RA
        window    = 0
        chksum    = 0x985f
        urgptr    = 0
        options   = ''

got a packet
###[ Ethernet ]### 
  dst       = 08:00:00:00:02:02
  src       = 08:00:00:00:02:00
  type      = IPv4
###[ IP ]### 
     version   = 4
     ihl       = 5
     tos       = 0xb1
     len       = 50
     id        = 1
     flags     = 
     frag      = 0
     ttl       = 62
     proto     = tcp
     chksum    = 0x6512
     src       = 10.0.1.1
     dst       = 10.0.2.2
     \options   \
###[ TCP ]### 
        sport     = ftp_data
        dport     = http
        seq       = 0
        ack       = 0
        dataofs   = 5
        reserved  = 0
        flags     = S
        window    = 8192
        chksum    = 0xa1d8
        urgptr    = 0
        options   = []
###[ Raw ]### 
           load      = 'p4 is cool'

got a packet
###[ Ethernet ]### 
  dst       = 08:00:00:00:02:00
  src       = 08:00:00:00:02:02
  type      = IPv4
###[ IP ]### 
     version   = 4
     ihl       = 5
     tos       = 0xb0
     len       = 40
     id        = 0
     flags     = DF
     frag      = 0
     ttl       = 64
     proto     = tcp
     chksum    = 0x231e
     src       = 10.0.2.2
     dst       = 10.0.1.1
     \options   \
###[ TCP ]### 
        sport     = http
        dport     = ftp_data
        seq       = 0
        ack       = 11
        dataofs   = 5
        reserved  = 0
        flags     = RA
        window    = 0
        chksum    = 0x985f
        urgptr    = 0
        options   = ''

got a packet
###[ Ethernet ]### 
  dst       = 08:00:00:00:02:02
  src       = 08:00:00:00:02:00
  type      = IPv4
###[ IP ]### 
     version   = 4
     ihl       = 5
     tos       = 0xb1
     len       = 50
     id        = 1
     flags     = 
     frag      = 0
     ttl       = 62
     proto     = tcp
     chksum    = 0x6512
     src       = 10.0.1.1
     dst       = 10.0.2.2
     \options   \
###[ TCP ]### 
        sport     = ftp_data
        dport     = http
        seq       = 0
        ack       = 0
        dataofs   = 5
        reserved  = 0
        flags     = S
        window    = 8192
        chksum    = 0xa1d8
        urgptr    = 0
        options   = []
###[ Raw ]### 
           load      = 'p4 is cool'

got a packet
###[ Ethernet ]### 
  dst       = 08:00:00:00:02:00
  src       = 08:00:00:00:02:02
  type      = IPv4
###[ IP ]### 
     version   = 4
     ihl       = 5
     tos       = 0xb0
     len       = 40
     id        = 0
     flags     = DF
     frag      = 0
     ttl       = 64
     proto     = tcp
     chksum    = 0x231e
     src       = 10.0.2.2
     dst       = 10.0.1.1
     \options   \
###[ TCP ]### 
        sport     = http
        dport     = ftp_data
        seq       = 0
        ack       = 11
        dataofs   = 5
        reserved  = 0
        flags     = RA
        window    = 0
        chksum    = 0x985f
        urgptr    = 0
        options   = ''

got a packet
###[ Ethernet ]### 
  dst       = 08:00:00:00:02:02
  src       = 08:00:00:00:02:00
  type      = IPv4
###[ IP ]### 
     version   = 4
     ihl       = 5
     tos       = 0xb1
     len       = 50
     id        = 1
     flags     = 
     frag      = 0
     ttl       = 62
     proto     = tcp
     chksum    = 0x6512
     src       = 10.0.1.1
     dst       = 10.0.2.2
     \options   \
###[ TCP ]### 
        sport     = ftp_data
        dport     = http
        seq       = 0
        ack       = 0
        dataofs   = 5
        reserved  = 0
        flags     = S
        window    = 8192
        chksum    = 0xa1d8
        urgptr    = 0
        options   = []
###[ Raw ]### 
           load      = 'p4 is cool'

got a packet
###[ Ethernet ]### 
  dst       = 08:00:00:00:02:00
  src       = 08:00:00:00:02:02
  type      = IPv4
###[ IP ]### 
     version   = 4
     ihl       = 5
     tos       = 0xb0
     len       = 40
     id        = 0
     flags     = DF
     frag      = 0
     ttl       = 64
     proto     = tcp
     chksum    = 0x231e
     src       = 10.0.2.2
     dst       = 10.0.1.1
     \options   \
###[ TCP ]### 
        sport     = http
        dport     = ftp_data
        seq       = 0
        ack       = 11
        dataofs   = 5
        reserved  = 0
        flags     = RA
        window    = 0
        chksum    = 0x985f
        urgptr    = 0
        options   = ''

got a packet
###[ Ethernet ]### 
  dst       = 08:00:00:00:02:02
  src       = 08:00:00:00:02:00
  type      = IPv4
###[ IP ]### 
     version   = 4
     ihl       = 5
     tos       = 0xb1
     len       = 50
     id        = 1
     flags     = 
     frag      = 0
     ttl       = 62
     proto     = tcp
     chksum    = 0x6512
     src       = 10.0.1.1
     dst       = 10.0.2.2
     \options   \
###[ TCP ]### 
        sport     = ftp_data
        dport     = http
        seq       = 0
        ack       = 0
        dataofs   = 5
        reserved  = 0
        flags     = S
        window    = 8192
        chksum    = 0xa1d8
        urgptr    = 0
        options   = []
###[ Raw ]### 
           load      = 'p4 is cool'

got a packet
###[ Ethernet ]### 
  dst       = 08:00:00:00:02:00
  src       = 08:00:00:00:02:02
  type      = IPv4
###[ IP ]### 
     version   = 4
     ihl       = 5
     tos       = 0xb0
     len       = 40
     id        = 0
     flags     = DF
     frag      = 0
     ttl       = 64
     proto     = tcp
     chksum    = 0x231e
     src       = 10.0.2.2
     dst       = 10.0.1.1
     \options   \
###[ TCP ]### 
        sport     = http
        dport     = ftp_data
        seq       = 0
        ack       = 11
        dataofs   = 5
        reserved  = 0
        flags     = RA
        window    = 0
        chksum    = 0x985f
        urgptr    = 0
        options   = ''

got a packet
###[ Ethernet ]### 
  dst       = 08:00:00:00:02:02
  src       = 08:00:00:00:02:00
  type      = IPv4
###[ IP ]### 
     version   = 4
     ihl       = 5
     tos       = 0xb1
     len       = 50
     id        = 1
     flags     = 
     frag      = 0
     ttl       = 62
     proto     = tcp
     chksum    = 0x6512
     src       = 10.0.1.1
     dst       = 10.0.2.2
     \options   \
###[ TCP ]### 
        sport     = ftp_data
        dport     = http
        seq       = 0
        ack       = 0
        dataofs   = 5
        reserved  = 0
        flags     = S
        window    = 8192
        chksum    = 0xa1d8
        urgptr    = 0
        options   = []
###[ Raw ]### 
           load      = 'p4 is cool'

got a packet
###[ Ethernet ]### 
  dst       = 08:00:00:00:02:00
  src       = 08:00:00:00:02:02
  type      = IPv4
###[ IP ]### 
     version   = 4
     ihl       = 5
     tos       = 0xb0
     len       = 40
     id        = 0
     flags     = DF
     frag      = 0
     ttl       = 64
     proto     = tcp
     chksum    = 0x231e
     src       = 10.0.2.2
     dst       = 10.0.1.1
     \options   \
###[ TCP ]### 
        sport     = http
        dport     = ftp_data
        seq       = 0
        ack       = 11
        dataofs   = 5
        reserved  = 0
        flags     = RA
        window    = 0
        chksum    = 0x985f
        urgptr    = 0
        options   = ''

got a packet
###[ Ethernet ]### 
  dst       = 08:00:00:00:02:02
  src       = 08:00:00:00:02:00
  type      = IPv4
###[ IP ]### 
     version   = 4
     ihl       = 5
     tos       = 0xb1
     len       = 50
     id        = 1
     flags     = 
     frag      = 0
     ttl       = 62
     proto     = tcp
     chksum    = 0x6512
     src       = 10.0.1.1
     dst       = 10.0.2.2
     \options   \
###[ TCP ]### 
        sport     = ftp_data
        dport     = http
        seq       = 0
        ack       = 0
        dataofs   = 5
        reserved  = 0
        flags     = S
        window    = 8192
        chksum    = 0xa1d8
        urgptr    = 0
        options   = []
###[ Raw ]### 
           load      = 'p4 is cool'

got a packet
###[ Ethernet ]### 
  dst       = 08:00:00:00:02:00
  src       = 08:00:00:00:02:02
  type      = IPv4
###[ IP ]### 
     version   = 4
     ihl       = 5
     tos       = 0xb0
     len       = 40
     id        = 0
     flags     = DF
     frag      = 0
     ttl       = 64
     proto     = tcp
     chksum    = 0x231e
     src       = 10.0.2.2
     dst       = 10.0.1.1
     \options   \
###[ TCP ]### 
        sport     = http
        dport     = ftp_data
        seq       = 0
        ack       = 11
        dataofs   = 5
        reserved  = 0
        flags     = RA
        window    = 0
        chksum    = 0x985f
        urgptr    = 0
        options   = ''

got a packet
###[ Ethernet ]### 
  dst       = 08:00:00:00:02:02
  src       = 08:00:00:00:02:00
  type      = IPv4
###[ IP ]### 
     version   = 4
     ihl       = 5
     tos       = 0xb1
     len       = 50
     id        = 1
     flags     = 
     frag      = 0
     ttl       = 62
     proto     = tcp
     chksum    = 0x6512
     src       = 10.0.1.1
     dst       = 10.0.2.2
     \options   \
###[ TCP ]### 
        sport     = ftp_data
        dport     = http
        seq       = 0
        ack       = 0
        dataofs   = 5
        reserved  = 0
        flags     = S
        window    = 8192
        chksum    = 0xa1d8
        urgptr    = 0
        options   = []
###[ Raw ]### 
           load      = 'p4 is cool'

got a packet
###[ Ethernet ]### 
  dst       = 08:00:00:00:02:00
  src       = 08:00:00:00:02:02
  type      = IPv4
###[ IP ]### 
     version   = 4
     ihl       = 5
     tos       = 0xb0
     len       = 40
     id        = 0
     flags     = DF
     frag      = 0
     ttl       = 64
     proto     = tcp
     chksum    = 0x231e
     src       = 10.0.2.2
     dst       = 10.0.1.1
     \options   \
###[ TCP ]### 
        sport     = http
        dport     = ftp_data
        seq       = 0
        ack       = 11
        dataofs   = 5
        reserved  = 0
        flags     = RA
        window    = 0
        chksum    = 0x985f
        urgptr    = 0
        options   = ''

got a packet
###[ Ethernet ]### 
  dst       = 33:33:00:00:00:02
  src       = d6:0d:27:f1:a5:07
  type      = IPv6
###[ IPv6 ]### 
     version   = 6
     tc        = 0
     fl        = 0
     plen      = 16
     nh        = ICMPv6
     hlim      = 255
     src       = fe80::d40d:27ff:fef1:a507
     dst       = ff02::2
###[ ICMPv6 Neighbor Discovery - Router Solicitation ]### 
        type      = Router Solicitation
        code      = 0
        cksum     = 0x3921
        res       = 0
###[ ICMPv6 Neighbor Discovery Option - Source Link-Layer Address ]### 
           type      = 1
           len       = 1
           lladdr    = d6:0d:27:f1:a5:07

